


ARM Macro Assembler    Page 1 


    1 00000000         ;/******************************************************
                       ***********************/
    2 00000000         ; OSasm.s: low-level OS commands, written in assembly   
                                           */
    3 00000000         ; Runs on LM4F120/TM4C123/MSP432
    4 00000000         ; A very simple real time operating system with minimal 
                       features.
    5 00000000         ; Daniel Valvano
    6 00000000         ; February 8, 2016
    7 00000000         ;
    8 00000000         ; This example accompanies the book
    9 00000000         ;   "Embedded Systems: Real Time Interfacing to ARM Cort
                       ex M Microcontrollers",
   10 00000000         ;   ISBN: 978-1463590154, Jonathan Valvano, copyright (c
                       ) 2016  
   11 00000000         ;   "Embedded Systems: Real-Time Operating Systems for A
                       RM Cortex-M Microcontrollers",
   12 00000000         ;   ISBN: 978-1466468863, , Jonathan Valvano, copyright 
                       (c) 2016;
   13 00000000         ;  Programs 4.4 through 4.12, section 4.2
   14 00000000         ;
   15 00000000         ;Copyright 2016 by Jonathan W. Valvano, valvano@mail.ute
                       xas.edu
   16 00000000         ;    You may use, edit, run or distribute this file
   17 00000000         ;    as long as the above copyright notice remains
   18 00000000         ; THIS SOFTWARE IS PROVIDED "AS IS".  NO WARRANTIES, WHE
                       THER EXPRESS, IMPLIED
   19 00000000         ; OR STATUTORY, INCLUDING, BUT NOT LIMITED TO, IMPLIED W
                       ARRANTIES OF
   20 00000000         ; MERCHANTABILITY AND FITNESS FOR A PARTICULAR PURPOSE A
                       PPLY TO THIS SOFTWARE.
   21 00000000         ; VALVANO SHALL NOT, IN ANY CIRCUMSTANCES, BE LIABLE FOR
                        SPECIAL, INCIDENTAL,
   22 00000000         ; OR CONSEQUENTIAL DAMAGES, FOR ANY REASON WHATSOEVER.
   23 00000000         ; For more information about my classes, my research, an
                       d my books, see
   24 00000000         ; http://users.ece.utexas.edu/~valvano/
   25 00000000         ; */
   26 00000000         
   27 00000000                 AREA             |.text|, CODE, READONLY, ALIGN=
2
   28 00000000                 THUMB
   29 00000000                 REQUIRE8
   30 00000000                 PRESERVE8
   31 00000000         
   32 00000000                 EXTERN           RunPt       ; currently running
                                                             thread
   33 00000000                 EXPORT           StartOS
   34 00000000                 EXPORT           SysTick_Handler
   35 00000000                 IMPORT           Scheduler
   36 00000000         
   37 00000000         
   38 00000000         SysTick_Handler                      ; 1) Saves R0-R3,R1
                                                            2,LR,PC,PSR
   39 00000000 B672            CPSID            I           ; 2) Prevent interr
                                                            upt during switch
   40 00000002 E92D 0FF0       PUSH             {R4-R11}    ; 3) Save remaining
                                                             regs r4-11
   41 00000006 4810            LDR              R0, =RunPt  ; 4) R0=pointer to 



ARM Macro Assembler    Page 2 


                                                            RunPt, old thread
   42 00000008 6801            LDR              R1, [R0]    ;    R1 = RunPt
   43 0000000A F8C1 D000       STR              SP, [R1]    ; 5) Save SP into T
                                                            CB
   44 0000000E         ;    LDR     R1, [R1,#4]        ; 6) R1 = RunPt->next
   45 0000000E         ;    STR     R1, [R0]           ;    RunPt = R1
   46 0000000E B501            PUSH             {R0,LR}
   47 00000010 F7FF FFFE       BL               Scheduler
   48 00000014 E8BD 4001       POP              {R0,LR}
   49 00000018 6801            LDR              R1, [R0]    ; 6) R1 = RunPt, ne
                                                            w thread
   50 0000001A F8D1 D000       LDR              SP, [R1]    ; 7) new thread SP;
                                                             SP = RunPt->sp;
   51 0000001E E8BD 0FF0       POP              {R4-R11}    ; 8) restore regs r
                                                            4-11
   52 00000022 B662            CPSIE            I           ; 9) tasks run with
                                                             interrupts enabled
                                                            
   53 00000024 4770            BX               LR          ; 10) restore R0-R3
                                                            ,R12,LR,PC,PSR
   54 00000026         
   55 00000026         StartOS
   56 00000026 4808            LDR              R0, =RunPt  ; currently running
                                                             thread
   57 00000028 6802            LDR              R2, [R0]    ; R2 = value of Run
                                                            Pt
   58 0000002A F8D2 D000       LDR              SP, [R2]    ; new thread SP; SP
                                                             = RunPt->stackPoin
                                                            ter;
   59 0000002E E8BD 0FF0       POP              {R4-R11}    ; restore regs r4-1
                                                            1
   60 00000032 BC0F            POP              {R0-R3}     ; restore regs r0-3
                                                            
   61 00000034 F85D CB04       POP              {R12}
   62 00000038 F85D EB04       POP              {LR}        ; discard LR from i
                                                            nitial stack
   63 0000003C F85D EB04       POP              {LR}        ; start location
   64 00000040 BC02            POP              {R1}        ; discard PSR
   65 00000042 B662            CPSIE            I           ; Enable interrupts
                                                             at processor level
                                                            
   66 00000044 4770            BX               LR          ; start first threa
                                                            d
   67 00000046         
   68 00000046 00 00           ALIGN
   69 00000048                 END
              00000000 
Command Line: --debug --xref --cpu=Cortex-M4 --apcs=interwork --depend=.\osasm.
d -o.\osasm.o -IC:\Keil\ARM\RV31\INC -IC:\Keil\ARM\CMSIS\Include -IC:\Keil\ARM\
Inc\Luminary --predefine="__EVAL SETA 1" --list=.\osasm.lst osasm.s



ARM Macro Assembler    Page 1 Alphabetic symbol ordering
Relocatable symbols

.text 00000000

Symbol: .text
   Definitions
      At line 27 in file osasm.s
   Uses
      None
Comment: .text unused
StartOS 00000026

Symbol: StartOS
   Definitions
      At line 55 in file osasm.s
   Uses
      At line 33 in file osasm.s
Comment: StartOS used once
SysTick_Handler 00000000

Symbol: SysTick_Handler
   Definitions
      At line 38 in file osasm.s
   Uses
      At line 34 in file osasm.s
Comment: SysTick_Handler used once
3 symbols



ARM Macro Assembler    Page 1 Alphabetic symbol ordering
External symbols

RunPt 00000000

Symbol: RunPt
   Definitions
      At line 32 in file osasm.s
   Uses
      At line 41 in file osasm.s
      At line 56 in file osasm.s

Scheduler 00000000

Symbol: Scheduler
   Definitions
      At line 35 in file osasm.s
   Uses
      At line 47 in file osasm.s
Comment: Scheduler used once
2 symbols
338 symbols in table
